<?xml version="1.0" encoding="UTF-8"?>
<testsuite xmlns:xsi="http://www.w3.org/2001/XMLSchema-instance" xsi:noNamespaceSchemaLocation="https://maven.apache.org/surefire/maven-surefire-plugin/xsd/surefire-test-report-3.0.xsd" version="3.0" name="TestSuite" time="36.033" tests="4" errors="0" skipped="0" failures="0">
  <properties>
    <property name="gopherProxySet" value="false"/>
    <property name="awt.toolkit" value="sun.lwawt.macosx.LWCToolkit"/>
    <property name="java.specification.version" value="11"/>
    <property name="sun.cpu.isalist" value=""/>
    <property name="sun.jnu.encoding" value="UTF-8"/>
    <property name="java.class.path" value="/Users/shugoel/Documents/GitHub/TheScoreAppAutomation/target/test-classes:/Users/shugoel/Documents/GitHub/TheScoreAppAutomation/target/classes:/Users/shugoel/.m2/repository/org/seleniumhq/selenium/selenium-java/3.141.59/selenium-java-3.141.59.jar:/Users/shugoel/.m2/repository/org/seleniumhq/selenium/selenium-api/3.141.59/selenium-api-3.141.59.jar:/Users/shugoel/.m2/repository/org/seleniumhq/selenium/selenium-chrome-driver/3.141.59/selenium-chrome-driver-3.141.59.jar:/Users/shugoel/.m2/repository/org/seleniumhq/selenium/selenium-edge-driver/3.141.59/selenium-edge-driver-3.141.59.jar:/Users/shugoel/.m2/repository/org/seleniumhq/selenium/selenium-firefox-driver/3.141.59/selenium-firefox-driver-3.141.59.jar:/Users/shugoel/.m2/repository/org/seleniumhq/selenium/selenium-ie-driver/3.141.59/selenium-ie-driver-3.141.59.jar:/Users/shugoel/.m2/repository/org/seleniumhq/selenium/selenium-opera-driver/3.141.59/selenium-opera-driver-3.141.59.jar:/Users/shugoel/.m2/repository/org/seleniumhq/selenium/selenium-remote-driver/3.141.59/selenium-remote-driver-3.141.59.jar:/Users/shugoel/.m2/repository/org/seleniumhq/selenium/selenium-safari-driver/3.141.59/selenium-safari-driver-3.141.59.jar:/Users/shugoel/.m2/repository/org/seleniumhq/selenium/selenium-support/3.141.59/selenium-support-3.141.59.jar:/Users/shugoel/.m2/repository/net/bytebuddy/byte-buddy/1.8.15/byte-buddy-1.8.15.jar:/Users/shugoel/.m2/repository/org/apache/commons/commons-exec/1.3/commons-exec-1.3.jar:/Users/shugoel/.m2/repository/com/google/guava/guava/25.0-jre/guava-25.0-jre.jar:/Users/shugoel/.m2/repository/com/google/code/findbugs/jsr305/1.3.9/jsr305-1.3.9.jar:/Users/shugoel/.m2/repository/org/checkerframework/checker-compat-qual/2.0.0/checker-compat-qual-2.0.0.jar:/Users/shugoel/.m2/repository/com/google/errorprone/error_prone_annotations/2.1.3/error_prone_annotations-2.1.3.jar:/Users/shugoel/.m2/repository/com/google/j2objc/j2objc-annotations/1.1/j2objc-annotations-1.1.jar:/Users/shugoel/.m2/repository/org/codehaus/mojo/animal-sniffer-annotations/1.14/animal-sniffer-annotations-1.14.jar:/Users/shugoel/.m2/repository/com/squareup/okhttp3/okhttp/3.11.0/okhttp-3.11.0.jar:/Users/shugoel/.m2/repository/com/squareup/okio/okio/1.14.0/okio-1.14.0.jar:/Users/shugoel/.m2/repository/io/appium/java-client/7.6.0/java-client-7.6.0.jar:/Users/shugoel/.m2/repository/com/google/code/gson/gson/2.8.8/gson-2.8.8.jar:/Users/shugoel/.m2/repository/org/apache/httpcomponents/httpclient/4.5.13/httpclient-4.5.13.jar:/Users/shugoel/.m2/repository/org/apache/httpcomponents/httpcore/4.4.13/httpcore-4.4.13.jar:/Users/shugoel/.m2/repository/commons-logging/commons-logging/1.2/commons-logging-1.2.jar:/Users/shugoel/.m2/repository/commons-codec/commons-codec/1.11/commons-codec-1.11.jar:/Users/shugoel/.m2/repository/cglib/cglib/3.3.0/cglib-3.3.0.jar:/Users/shugoel/.m2/repository/org/ow2/asm/asm/7.1/asm-7.1.jar:/Users/shugoel/.m2/repository/commons-validator/commons-validator/1.7/commons-validator-1.7.jar:/Users/shugoel/.m2/repository/commons-beanutils/commons-beanutils/1.9.4/commons-beanutils-1.9.4.jar:/Users/shugoel/.m2/repository/commons-digester/commons-digester/2.1/commons-digester-2.1.jar:/Users/shugoel/.m2/repository/commons-collections/commons-collections/3.2.2/commons-collections-3.2.2.jar:/Users/shugoel/.m2/repository/org/apache/commons/commons-lang3/3.12.0/commons-lang3-3.12.0.jar:/Users/shugoel/.m2/repository/commons-io/commons-io/2.11.0/commons-io-2.11.0.jar:/Users/shugoel/.m2/repository/org/springframework/spring-context/5.3.10/spring-context-5.3.10.jar:/Users/shugoel/.m2/repository/org/springframework/spring-aop/5.3.10/spring-aop-5.3.10.jar:/Users/shugoel/.m2/repository/org/springframework/spring-beans/5.3.10/spring-beans-5.3.10.jar:/Users/shugoel/.m2/repository/org/springframework/spring-core/5.3.10/spring-core-5.3.10.jar:/Users/shugoel/.m2/repository/org/springframework/spring-jcl/5.3.10/spring-jcl-5.3.10.jar:/Users/shugoel/.m2/repository/org/springframework/spring-expression/5.3.10/spring-expression-5.3.10.jar:/Users/shugoel/.m2/repository/org/aspectj/aspectjweaver/1.9.7/aspectjweaver-1.9.7.jar:/Users/shugoel/.m2/repository/org/slf4j/slf4j-api/1.7.32/slf4j-api-1.7.32.jar:/Users/shugoel/.m2/repository/org/testng/testng/7.4.0/testng-7.4.0.jar:/Users/shugoel/.m2/repository/com/beust/jcommander/1.78/jcommander-1.78.jar:/Users/shugoel/.m2/repository/org/webjars/jquery/3.5.1/jquery-3.5.1.jar:/Users/shugoel/.m2/repository/com/aventstack/extentreports/5.0.9/extentreports-5.0.9.jar:/Users/shugoel/.m2/repository/io/reactivex/rxjava3/rxjava/3.0.4/rxjava-3.0.4.jar:/Users/shugoel/.m2/repository/org/reactivestreams/reactive-streams/1.0.3/reactive-streams-1.0.3.jar:/Users/shugoel/.m2/repository/org/freemarker/freemarker/2.3.30/freemarker-2.3.30.jar:/Users/shugoel/.m2/repository/org/projectlombok/lombok/1.18.12/lombok-1.18.12.jar:"/>
    <property name="java.vm.vendor" value="Homebrew"/>
    <property name="sun.arch.data.model" value="64"/>
    <property name="java.vendor.url" value="https://github.com/Homebrew/homebrew-core/issues"/>
    <property name="user.timezone" value="Asia/Kolkata"/>
    <property name="java.vm.specification.version" value="11"/>
    <property name="os.name" value="Mac OS X"/>
    <property name="sun.java.launcher" value="SUN_STANDARD"/>
    <property name="user.country" value="IN"/>
    <property name="sun.boot.library.path" value="/opt/homebrew/Cellar/openjdk@11/11.0.21/libexec/openjdk.jdk/Contents/Home/lib"/>
    <property name="sun.java.command" value="/Users/shugoel/Documents/GitHub/TheScoreAppAutomation/target/surefire/surefirebooter3628506101558210434.jar /Users/shugoel/Documents/GitHub/TheScoreAppAutomation/target/surefire 2024-04-13T15-58-16_201-jvmRun1 surefire12155133017603115772tmp surefire_016826013871205107640tmp"/>
    <property name="jdk.debug" value="release"/>
    <property name="surefire.test.class.path" value="/Users/shugoel/Documents/GitHub/TheScoreAppAutomation/target/test-classes:/Users/shugoel/Documents/GitHub/TheScoreAppAutomation/target/classes:/Users/shugoel/.m2/repository/org/seleniumhq/selenium/selenium-java/3.141.59/selenium-java-3.141.59.jar:/Users/shugoel/.m2/repository/org/seleniumhq/selenium/selenium-api/3.141.59/selenium-api-3.141.59.jar:/Users/shugoel/.m2/repository/org/seleniumhq/selenium/selenium-chrome-driver/3.141.59/selenium-chrome-driver-3.141.59.jar:/Users/shugoel/.m2/repository/org/seleniumhq/selenium/selenium-edge-driver/3.141.59/selenium-edge-driver-3.141.59.jar:/Users/shugoel/.m2/repository/org/seleniumhq/selenium/selenium-firefox-driver/3.141.59/selenium-firefox-driver-3.141.59.jar:/Users/shugoel/.m2/repository/org/seleniumhq/selenium/selenium-ie-driver/3.141.59/selenium-ie-driver-3.141.59.jar:/Users/shugoel/.m2/repository/org/seleniumhq/selenium/selenium-opera-driver/3.141.59/selenium-opera-driver-3.141.59.jar:/Users/shugoel/.m2/repository/org/seleniumhq/selenium/selenium-remote-driver/3.141.59/selenium-remote-driver-3.141.59.jar:/Users/shugoel/.m2/repository/org/seleniumhq/selenium/selenium-safari-driver/3.141.59/selenium-safari-driver-3.141.59.jar:/Users/shugoel/.m2/repository/org/seleniumhq/selenium/selenium-support/3.141.59/selenium-support-3.141.59.jar:/Users/shugoel/.m2/repository/net/bytebuddy/byte-buddy/1.8.15/byte-buddy-1.8.15.jar:/Users/shugoel/.m2/repository/org/apache/commons/commons-exec/1.3/commons-exec-1.3.jar:/Users/shugoel/.m2/repository/com/google/guava/guava/25.0-jre/guava-25.0-jre.jar:/Users/shugoel/.m2/repository/com/google/code/findbugs/jsr305/1.3.9/jsr305-1.3.9.jar:/Users/shugoel/.m2/repository/org/checkerframework/checker-compat-qual/2.0.0/checker-compat-qual-2.0.0.jar:/Users/shugoel/.m2/repository/com/google/errorprone/error_prone_annotations/2.1.3/error_prone_annotations-2.1.3.jar:/Users/shugoel/.m2/repository/com/google/j2objc/j2objc-annotations/1.1/j2objc-annotations-1.1.jar:/Users/shugoel/.m2/repository/org/codehaus/mojo/animal-sniffer-annotations/1.14/animal-sniffer-annotations-1.14.jar:/Users/shugoel/.m2/repository/com/squareup/okhttp3/okhttp/3.11.0/okhttp-3.11.0.jar:/Users/shugoel/.m2/repository/com/squareup/okio/okio/1.14.0/okio-1.14.0.jar:/Users/shugoel/.m2/repository/io/appium/java-client/7.6.0/java-client-7.6.0.jar:/Users/shugoel/.m2/repository/com/google/code/gson/gson/2.8.8/gson-2.8.8.jar:/Users/shugoel/.m2/repository/org/apache/httpcomponents/httpclient/4.5.13/httpclient-4.5.13.jar:/Users/shugoel/.m2/repository/org/apache/httpcomponents/httpcore/4.4.13/httpcore-4.4.13.jar:/Users/shugoel/.m2/repository/commons-logging/commons-logging/1.2/commons-logging-1.2.jar:/Users/shugoel/.m2/repository/commons-codec/commons-codec/1.11/commons-codec-1.11.jar:/Users/shugoel/.m2/repository/cglib/cglib/3.3.0/cglib-3.3.0.jar:/Users/shugoel/.m2/repository/org/ow2/asm/asm/7.1/asm-7.1.jar:/Users/shugoel/.m2/repository/commons-validator/commons-validator/1.7/commons-validator-1.7.jar:/Users/shugoel/.m2/repository/commons-beanutils/commons-beanutils/1.9.4/commons-beanutils-1.9.4.jar:/Users/shugoel/.m2/repository/commons-digester/commons-digester/2.1/commons-digester-2.1.jar:/Users/shugoel/.m2/repository/commons-collections/commons-collections/3.2.2/commons-collections-3.2.2.jar:/Users/shugoel/.m2/repository/org/apache/commons/commons-lang3/3.12.0/commons-lang3-3.12.0.jar:/Users/shugoel/.m2/repository/commons-io/commons-io/2.11.0/commons-io-2.11.0.jar:/Users/shugoel/.m2/repository/org/springframework/spring-context/5.3.10/spring-context-5.3.10.jar:/Users/shugoel/.m2/repository/org/springframework/spring-aop/5.3.10/spring-aop-5.3.10.jar:/Users/shugoel/.m2/repository/org/springframework/spring-beans/5.3.10/spring-beans-5.3.10.jar:/Users/shugoel/.m2/repository/org/springframework/spring-core/5.3.10/spring-core-5.3.10.jar:/Users/shugoel/.m2/repository/org/springframework/spring-jcl/5.3.10/spring-jcl-5.3.10.jar:/Users/shugoel/.m2/repository/org/springframework/spring-expression/5.3.10/spring-expression-5.3.10.jar:/Users/shugoel/.m2/repository/org/aspectj/aspectjweaver/1.9.7/aspectjweaver-1.9.7.jar:/Users/shugoel/.m2/repository/org/slf4j/slf4j-api/1.7.32/slf4j-api-1.7.32.jar:/Users/shugoel/.m2/repository/org/testng/testng/7.4.0/testng-7.4.0.jar:/Users/shugoel/.m2/repository/com/beust/jcommander/1.78/jcommander-1.78.jar:/Users/shugoel/.m2/repository/org/webjars/jquery/3.5.1/jquery-3.5.1.jar:/Users/shugoel/.m2/repository/com/aventstack/extentreports/5.0.9/extentreports-5.0.9.jar:/Users/shugoel/.m2/repository/io/reactivex/rxjava3/rxjava/3.0.4/rxjava-3.0.4.jar:/Users/shugoel/.m2/repository/org/reactivestreams/reactive-streams/1.0.3/reactive-streams-1.0.3.jar:/Users/shugoel/.m2/repository/org/freemarker/freemarker/2.3.30/freemarker-2.3.30.jar:/Users/shugoel/.m2/repository/org/projectlombok/lombok/1.18.12/lombok-1.18.12.jar:"/>
    <property name="sun.cpu.endian" value="little"/>
    <property name="user.home" value="/Users/shugoel"/>
    <property name="user.language" value="en"/>
    <property name="java.specification.vendor" value="Oracle Corporation"/>
    <property name="java.version.date" value="2023-10-17"/>
    <property name="java.home" value="/opt/homebrew/Cellar/openjdk@11/11.0.21/libexec/openjdk.jdk/Contents/Home"/>
    <property name="file.separator" value="/"/>
    <property name="basedir" value="/Users/shugoel/Documents/GitHub/TheScoreAppAutomation"/>
    <property name="java.vm.compressedOopsMode" value="Zero based"/>
    <property name="line.separator" value="&#10;"/>
    <property name="java.specification.name" value="Java Platform API Specification"/>
    <property name="java.vm.specification.vendor" value="Oracle Corporation"/>
    <property name="java.awt.graphicsenv" value="sun.awt.CGraphicsEnvironment"/>
    <property name="surefire.real.class.path" value="/Users/shugoel/Documents/GitHub/TheScoreAppAutomation/target/surefire/surefirebooter3628506101558210434.jar"/>
    <property name="sun.management.compiler" value="HotSpot 64-Bit Tiered Compilers"/>
    <property name="java.runtime.version" value="11.0.21+0"/>
    <property name="user.name" value="shugoel"/>
    <property name="path.separator" value=":"/>
    <property name="os.version" value="14.3.1"/>
    <property name="java.runtime.name" value="OpenJDK Runtime Environment"/>
    <property name="file.encoding" value="UTF-8"/>
    <property name="java.vm.name" value="OpenJDK 64-Bit Server VM"/>
    <property name="java.vendor.version" value="Homebrew"/>
    <property name="localRepository" value="/Users/shugoel/.m2/repository"/>
    <property name="java.vendor.url.bug" value="https://github.com/Homebrew/homebrew-core/issues"/>
    <property name="java.io.tmpdir" value="/var/folders/4h/n6dcx15n1b74m32mqw836ztw0000gq/T/"/>
    <property name="java.version" value="11.0.21"/>
    <property name="user.dir" value="/Users/shugoel/Documents/GitHub/TheScoreAppAutomation"/>
    <property name="os.arch" value="aarch64"/>
    <property name="java.vm.specification.name" value="Java Virtual Machine Specification"/>
    <property name="java.awt.printerjob" value="sun.lwawt.macosx.CPrinterJob"/>
    <property name="sun.os.patch.level" value="unknown"/>
    <property name="java.library.path" value="/Users/shugoel/Library/Java/Extensions:/Library/Java/Extensions:/Network/Library/Java/Extensions:/System/Library/Java/Extensions:/usr/lib/java:."/>
    <property name="java.vm.info" value="mixed mode"/>
    <property name="java.vendor" value="Homebrew"/>
    <property name="java.vm.version" value="11.0.21+0"/>
    <property name="java.specification.maintenance.version" value="2"/>
    <property name="sun.io.unicode.encoding" value="UnicodeBig"/>
    <property name="java.class.version" value="55.0"/>
  </properties>
  <testcase name="verify001AppOnboarding" classname="common.tests.ScoreAppTests" time="22.216">
    <system-err><![CDATA[Apr 13, 2024 3:58:23 PM io.appium.java_client.remote.AppiumCommandExecutor$1 lambda$0
INFO: Detected dialect: W3C
]]></system-err>
  </testcase>
  <testcase name="verify002OpeningLeaguePage" classname="common.tests.ScoreAppTests" time="2.566"/>
  <testcase name="verify003OpeningLeagueSubTab" classname="common.tests.ScoreAppTests" time="3.168"/>
  <testcase name="verifyNavigatingBackFromLeagueSubTab" classname="common.tests.ScoreAppTests" time="1.34"/>
</testsuite>