<?xml version="1.0" encoding="UTF-8"?>
<!-- Generated by org.testng.reporters.JUnitReportReporter -->
<testsuite hostname="Shubhams-MacBook-Pro-5.local" failures="0" tests="4" name="common.tests.ScoreAppTests" time="29.295" errors="0" timestamp="2024-04-13T15:58:53 IST" skipped="0">
  <testcase classname="common.tests.ScoreAppTests" name="verify001AppOnboarding" time="22.220"/>
  <system-out/>
  <testcase classname="common.tests.ScoreAppTests" name="verifyNavigatingBackFromLeagueSubTab" time="1.338"/>
  <system-out/>
  <testcase classname="common.tests.ScoreAppTests" name="verify003OpeningLeagueSubTab" time="3.171"/>
  <system-out/>
  <testcase classname="common.tests.ScoreAppTests" name="verify002OpeningLeaguePage" time="2.566"/>
  <system-out/>
</testsuite> <!-- common.tests.ScoreAppTests -->
